<?xml version="1.0" encoding="UTF-8"?>
<!-- Generated by org.testng.reporters.JUnitReportReporter -->
<testsuite hostname="Saravanan" failures="0" tests="3" name="a3_ParmaterPassing.A2_CommonPayload" time="6.113" errors="0" timestamp="2024-08-22T18:17:13 IST" skipped="0">
  <testcase classname="a3_ParmaterPassing.A2_CommonPayload" name="postRequest" time="4.987"/>
  <testcase classname="a3_ParmaterPassing.A2_CommonPayload" name="postRequest" time="0.530"/>
  <testcase classname="a3_ParmaterPassing.A2_CommonPayload" name="postRequest" time="0.596"/>
</testsuite> <!-- a3_ParmaterPassing.A2_CommonPayload -->
